[debug] [2020-10-24T21:33:19.401Z] ----------------------------------------------------------------------
[debug] [2020-10-24T21:33:19.403Z] Command:       /Users/miguel/.nvm/versions/node/v12.12.0/bin/node /Users/miguel/.nvm/versions/node/v12.12.0/bin/firebase deploy
[debug] [2020-10-24T21:33:19.403Z] CLI Version:   8.12.0
[debug] [2020-10-24T21:33:19.403Z] Platform:      darwin
[debug] [2020-10-24T21:33:19.403Z] Node Version:  v12.12.0
[debug] [2020-10-24T21:33:19.404Z] Time:          Sat Oct 24 2020 14:33:19 GMT-0700 (Mountain Standard Time)
[debug] [2020-10-24T21:33:19.404Z] ----------------------------------------------------------------------
[debug] [2020-10-24T21:33:19.404Z] 
[debug] [2020-10-24T21:33:19.414Z] > command requires scopes: ["email","openid","https://www.googleapis.com/auth/cloudplatformprojects.readonly","https://www.googleapis.com/auth/firebase","https://www.googleapis.com/auth/cloud-platform"]
[debug] [2020-10-24T21:33:19.414Z] > authorizing via signed-in user
[debug] [2020-10-24T21:33:19.414Z] [iam] checking project gutiproduction-5a606 for permissions ["cloudfunctions.functions.create","cloudfunctions.functions.delete","cloudfunctions.functions.get","cloudfunctions.functions.list","cloudfunctions.functions.update","cloudfunctions.operations.get","datastore.indexes.create","datastore.indexes.delete","datastore.indexes.list","datastore.indexes.update","firebase.projects.get","firebasehosting.sites.update"]
[debug] [2020-10-24T21:33:19.417Z] > refreshing access token with scopes: ["email","https://www.googleapis.com/auth/cloud-platform","https://www.googleapis.com/auth/cloudplatformprojects.readonly","https://www.googleapis.com/auth/firebase","openid"]
[debug] [2020-10-24T21:33:19.417Z] >>> HTTP REQUEST POST https://www.googleapis.com/oauth2/v3/token  
 <request body omitted>
[debug] [2020-10-24T21:33:19.627Z] <<< HTTP RESPONSE 200 {"expires":"Mon, 01 Jan 1990 00:00:00 GMT","pragma":"no-cache","cache-control":"no-cache, no-store, max-age=0, must-revalidate","date":"Sat, 24 Oct 2020 21:33:19 GMT","content-type":"application/json; charset=utf-8","vary":"X-Origin, Referer, Origin,Accept-Encoding","server":"scaffolding on HTTPServer2","x-xss-protection":"0","x-frame-options":"SAMEORIGIN","x-content-type-options":"nosniff","alt-svc":"h3-Q050=\":443\"; ma=2592000,h3-29=\":443\"; ma=2592000,h3-T051=\":443\"; ma=2592000,h3-T050=\":443\"; ma=2592000,h3-Q046=\":443\"; ma=2592000,h3-Q043=\":443\"; ma=2592000,quic=\":443\"; ma=2592000; v=\"46,43\"","accept-ranges":"none","transfer-encoding":"chunked"}
[debug] [2020-10-24T21:33:19.643Z] >>> HTTP REQUEST POST https://cloudresourcemanager.googleapis.com/v1/projects/gutiproduction-5a606:testIamPermissions  
 {"permissions":["cloudfunctions.functions.create","cloudfunctions.functions.delete","cloudfunctions.functions.get","cloudfunctions.functions.list","cloudfunctions.functions.update","cloudfunctions.operations.get","datastore.indexes.create","datastore.indexes.delete","datastore.indexes.list","datastore.indexes.update","firebase.projects.get","firebasehosting.sites.update"]}
[debug] [2020-10-24T21:33:19.948Z] <<< HTTP RESPONSE 200 {"content-type":"application/json; charset=UTF-8","vary":"X-Origin, Referer, Origin,Accept-Encoding","date":"Sat, 24 Oct 2020 21:33:19 GMT","server":"ESF","cache-control":"private","x-xss-protection":"0","x-frame-options":"SAMEORIGIN","x-content-type-options":"nosniff","server-timing":"gfet4t7; dur=176","alt-svc":"h3-Q050=\":443\"; ma=2592000,h3-29=\":443\"; ma=2592000,h3-T051=\":443\"; ma=2592000,h3-T050=\":443\"; ma=2592000,h3-Q046=\":443\"; ma=2592000,h3-Q043=\":443\"; ma=2592000,quic=\":443\"; ma=2592000; v=\"46,43\"","accept-ranges":"none","transfer-encoding":"chunked"}
[debug] [2020-10-24T21:33:19.949Z] >>> HTTP REQUEST POST https://iam.googleapis.com/v1/projects/gutiproduction-5a606/serviceAccounts/gutiproduction-5a606@appspot.gserviceaccount.com:testIamPermissions  
 {"permissions":["iam.serviceAccounts.actAs"]}
[debug] [2020-10-24T21:33:20.471Z] <<< HTTP RESPONSE 200 {"content-type":"application/json; charset=UTF-8","vary":"X-Origin, Referer, Origin,Accept-Encoding","date":"Sat, 24 Oct 2020 21:33:20 GMT","server":"ESF","cache-control":"private","x-xss-protection":"0","x-frame-options":"SAMEORIGIN","x-content-type-options":"nosniff","alt-svc":"h3-Q050=\":443\"; ma=2592000,h3-29=\":443\"; ma=2592000,h3-T051=\":443\"; ma=2592000,h3-T050=\":443\"; ma=2592000,h3-Q046=\":443\"; ma=2592000,h3-Q043=\":443\"; ma=2592000,quic=\":443\"; ma=2592000; v=\"46,43\"","accept-ranges":"none","transfer-encoding":"chunked"}
[debug] [2020-10-24T21:33:20.472Z] >>> HTTP REQUEST GET https://firebase.googleapis.com/v1beta1/projects/gutiproduction-5a606  
 
[debug] [2020-10-24T21:33:20.718Z] <<< HTTP RESPONSE 200 {"content-type":"application/json; charset=UTF-8","vary":"X-Origin, Referer, Origin,Accept-Encoding","date":"Sat, 24 Oct 2020 21:33:20 GMT","server":"ESF","cache-control":"private","x-xss-protection":"0","x-frame-options":"SAMEORIGIN","x-content-type-options":"nosniff","alt-svc":"h3-Q050=\":443\"; ma=2592000,h3-29=\":443\"; ma=2592000,h3-T051=\":443\"; ma=2592000,h3-T050=\":443\"; ma=2592000,h3-Q046=\":443\"; ma=2592000,h3-Q043=\":443\"; ma=2592000,quic=\":443\"; ma=2592000; v=\"46,43\"","accept-ranges":"none","transfer-encoding":"chunked"}
[warn] ⚠  functions: package.json indicates an outdated version of firebase-functions.
Please upgrade using npm install --save firebase-functions@latest in your functions directory. 
[info] 
[info] === Deploying to 'gutiproduction-5a606'...
[info] 
[info] i  deploying firestore, functions, hosting 
[info] Running command: npm --prefix "$RESOURCE_DIR" run lint
[info] Running command: npm --prefix "$RESOURCE_DIR" run build
[info] ✔  functions: Finished running predeploy script. 
[info] i  firestore: reading indexes from firestore.indexes.json... 
[info] i  cloud.firestore: checking firestore.rules for compilation errors... 
[debug] [2020-10-24T21:33:28.130Z] >>> HTTP REQUEST POST https://firebaserules.googleapis.com/v1/projects/gutiproduction-5a606:test  
 {"source":{"files":[{"name":"firestore.rules","content":"service cloud.firestore {\n  match /databases/{database}/documents {\n    match /{document=**} {\n      allow read, write;\n    }\n  }\n}\n"}]}}
[debug] [2020-10-24T21:33:28.742Z] <<< HTTP RESPONSE 200 {"content-type":"application/json; charset=UTF-8","vary":"X-Origin, Referer, Origin,Accept-Encoding","date":"Sat, 24 Oct 2020 21:33:28 GMT","server":"ESF","cache-control":"private","x-xss-protection":"0","x-frame-options":"SAMEORIGIN","x-content-type-options":"nosniff","alt-svc":"h3-Q050=\":443\"; ma=2592000,h3-29=\":443\"; ma=2592000,h3-T051=\":443\"; ma=2592000,h3-T050=\":443\"; ma=2592000,h3-Q046=\":443\"; ma=2592000,h3-Q043=\":443\"; ma=2592000,quic=\":443\"; ma=2592000; v=\"46,43\"","accept-ranges":"none","transfer-encoding":"chunked"}
[warn] ⚠  [W] undefined:undefined - Ruleset uses old version (version [1]). Please update to the latest version (version [2]). 
[info] ✔  cloud.firestore: rules file firestore.rules compiled successfully 
[debug] [2020-10-24T21:33:28.744Z] > [functions] package.json contents: {
  "name": "functions",
  "scripts": {
    "lint": "tslint --project tsconfig.json",
    "build": "tsc",
    "serve": "npm run build && firebase serve --only functions",
    "shell": "npm run build && firebase functions:shell",
    "start": "npm run shell",
    "deploy": "firebase deploy --only functions",
    "logs": "firebase functions:log"
  },
  "engines": {
    "node": "10"
  },
  "main": "lib/index.js",
  "dependencies": {
    "axios": "^0.20.0",
    "cors": "^2.8.5",
    "express": "^4.17.1",
    "firebase": "^7.23.0",
    "firebase-admin": "^8.9.0",
    "firebase-functions": "^3.3.0",
    "vimeo": "^2.1.1"
  },
  "devDependencies": {
    "firebase-functions-test": "^0.1.7",
    "tslint": "^5.20.1",
    "typescript": "^3.7.4"
  },
  "private": true
}
[info] i  functions: ensuring required API cloudfunctions.googleapis.com is enabled... 
[info] i  functions: ensuring required API cloudbuild.googleapis.com is enabled... 
[debug] [2020-10-24T21:33:29.839Z] >>> HTTP REQUEST GET https://serviceusage.googleapis.com/v1/projects/gutiproduction-5a606/services/cloudfunctions.googleapis.com  
 
[debug] [2020-10-24T21:33:29.840Z] >>> HTTP REQUEST GET https://serviceusage.googleapis.com/v1/projects/gutiproduction-5a606/services/runtimeconfig.googleapis.com  
 
[debug] [2020-10-24T21:33:29.840Z] >>> HTTP REQUEST GET https://serviceusage.googleapis.com/v1/projects/gutiproduction-5a606/services/cloudbuild.googleapis.com  
 
[debug] [2020-10-24T21:33:30.681Z] <<< HTTP RESPONSE 200 {"content-type":"application/json; charset=UTF-8","vary":"X-Origin, Referer, Origin,Accept-Encoding","date":"Sat, 24 Oct 2020 21:33:30 GMT","server":"ESF","cache-control":"private","x-xss-protection":"0","x-frame-options":"SAMEORIGIN","x-content-type-options":"nosniff","alt-svc":"h3-Q050=\":443\"; ma=2592000,h3-29=\":443\"; ma=2592000,h3-T051=\":443\"; ma=2592000,h3-T050=\":443\"; ma=2592000,h3-Q046=\":443\"; ma=2592000,h3-Q043=\":443\"; ma=2592000,quic=\":443\"; ma=2592000; v=\"46,43\"","accept-ranges":"none","transfer-encoding":"chunked"}
[info] ✔  functions: required API cloudbuild.googleapis.com is enabled 
[debug] [2020-10-24T21:33:30.687Z] <<< HTTP RESPONSE 200 {"content-type":"application/json; charset=UTF-8","vary":"X-Origin, Referer, Origin,Accept-Encoding","date":"Sat, 24 Oct 2020 21:33:30 GMT","server":"ESF","cache-control":"private","x-xss-protection":"0","x-frame-options":"SAMEORIGIN","x-content-type-options":"nosniff","alt-svc":"h3-Q050=\":443\"; ma=2592000,h3-29=\":443\"; ma=2592000,h3-T051=\":443\"; ma=2592000,h3-T050=\":443\"; ma=2592000,h3-Q046=\":443\"; ma=2592000,h3-Q043=\":443\"; ma=2592000,quic=\":443\"; ma=2592000; v=\"46,43\"","accept-ranges":"none","transfer-encoding":"chunked"}
[debug] [2020-10-24T21:33:30.720Z] <<< HTTP RESPONSE 200 {"content-type":"application/json; charset=UTF-8","vary":"X-Origin, Referer, Origin,Accept-Encoding","date":"Sat, 24 Oct 2020 21:33:30 GMT","server":"ESF","cache-control":"private","x-xss-protection":"0","x-frame-options":"SAMEORIGIN","x-content-type-options":"nosniff","alt-svc":"h3-Q050=\":443\"; ma=2592000,h3-29=\":443\"; ma=2592000,h3-T051=\":443\"; ma=2592000,h3-T050=\":443\"; ma=2592000,h3-Q046=\":443\"; ma=2592000,h3-Q043=\":443\"; ma=2592000,quic=\":443\"; ma=2592000; v=\"46,43\"","accept-ranges":"none","transfer-encoding":"chunked"}
[info] ✔  functions: required API cloudfunctions.googleapis.com is enabled 
[debug] [2020-10-24T21:33:30.721Z] >>> HTTP REQUEST GET https://firebase.googleapis.com/v1beta1/projects/gutiproduction-5a606/adminSdkConfig  
 
[debug] [2020-10-24T21:33:31.014Z] <<< HTTP RESPONSE 200 {"content-type":"application/json; charset=UTF-8","vary":"X-Origin, Referer, Origin,Accept-Encoding","date":"Sat, 24 Oct 2020 21:33:30 GMT","server":"ESF","cache-control":"private","x-xss-protection":"0","x-frame-options":"SAMEORIGIN","x-content-type-options":"nosniff","alt-svc":"h3-Q050=\":443\"; ma=2592000,h3-29=\":443\"; ma=2592000,h3-T051=\":443\"; ma=2592000,h3-T050=\":443\"; ma=2592000,h3-Q046=\":443\"; ma=2592000,h3-Q043=\":443\"; ma=2592000,quic=\":443\"; ma=2592000; v=\"46,43\"","accept-ranges":"none","transfer-encoding":"chunked"}
[debug] [2020-10-24T21:33:31.015Z] >>> HTTP REQUEST POST https://firebasehosting.googleapis.com/v1beta1/sites/admin-d56c9/versions  
 {"config":{"rewrites":[{"glob":"**","path":"/index.html"}]},"labels":{"deployment-tool":"cli-firebase"}}
[debug] [2020-10-24T21:33:31.016Z] >>> HTTP REQUEST POST https://firebasehosting.googleapis.com/v1beta1/sites/gutiproduction-5a606/versions  
 {"config":{"rewrites":[{"glob":"**","path":"/index.html"}]},"labels":{"deployment-tool":"cli-firebase"}}
[debug] [2020-10-24T21:33:32.000Z] <<< HTTP RESPONSE 200 {"content-type":"application/json; charset=UTF-8","vary":"X-Origin, Referer, Origin,Accept-Encoding","date":"Sat, 24 Oct 2020 21:33:31 GMT","server":"ESF","cache-control":"private","x-xss-protection":"0","x-frame-options":"SAMEORIGIN","x-content-type-options":"nosniff","alt-svc":"h3-Q050=\":443\"; ma=2592000,h3-29=\":443\"; ma=2592000,h3-T051=\":443\"; ma=2592000,h3-T050=\":443\"; ma=2592000,h3-Q046=\":443\"; ma=2592000,h3-Q043=\":443\"; ma=2592000,quic=\":443\"; ma=2592000; v=\"46,43\"","accept-ranges":"none","transfer-encoding":"chunked"}
[debug] [2020-10-24T21:33:32.349Z] <<< HTTP RESPONSE 200 {"content-type":"application/json; charset=UTF-8","vary":"X-Origin, Referer, Origin,Accept-Encoding","date":"Sat, 24 Oct 2020 21:33:32 GMT","server":"ESF","cache-control":"private","x-xss-protection":"0","x-frame-options":"SAMEORIGIN","x-content-type-options":"nosniff","alt-svc":"h3-Q050=\":443\"; ma=2592000,h3-29=\":443\"; ma=2592000,h3-T051=\":443\"; ma=2592000,h3-T050=\":443\"; ma=2592000,h3-Q046=\":443\"; ma=2592000,h3-Q043=\":443\"; ma=2592000,quic=\":443\"; ma=2592000; v=\"46,43\"","accept-ranges":"none","transfer-encoding":"chunked"}
[debug] [2020-10-24T21:33:32.354Z] >>> HTTP REQUEST GET https://firebaserules.googleapis.com/v1/projects/gutiproduction-5a606/releases?pageSize=10&pageToken=  
 
[debug] [2020-10-24T21:33:32.354Z] >>> HTTP REQUEST GET https://firestore.googleapis.com/v1/projects/gutiproduction-5a606/databases/(default)/collectionGroups/-/indexes  
 
[debug] [2020-10-24T21:33:32.704Z] <<< HTTP RESPONSE 200 {"content-type":"application/json; charset=UTF-8","vary":"X-Origin, Referer, Origin,Accept-Encoding","date":"Sat, 24 Oct 2020 21:33:32 GMT","server":"ESF","cache-control":"private","x-xss-protection":"0","x-frame-options":"SAMEORIGIN","x-content-type-options":"nosniff","alt-svc":"h3-Q050=\":443\"; ma=2592000,h3-29=\":443\"; ma=2592000,h3-T051=\":443\"; ma=2592000,h3-T050=\":443\"; ma=2592000,h3-Q046=\":443\"; ma=2592000,h3-Q043=\":443\"; ma=2592000,quic=\":443\"; ma=2592000; v=\"46,43\"","accept-ranges":"none","transfer-encoding":"chunked"}
[debug] [2020-10-24T21:33:32.705Z] >>> HTTP REQUEST GET https://firebaserules.googleapis.com/v1/projects/gutiproduction-5a606/rulesets/680d3c14-d3f2-4413-900a-04c7b08e509b  
 
[debug] [2020-10-24T21:33:32.943Z] <<< HTTP RESPONSE 200 {"content-type":"application/json; charset=UTF-8","vary":"X-Origin, Referer, Origin,Accept-Encoding","date":"Sat, 24 Oct 2020 21:33:32 GMT","server":"ESF","cache-control":"private","x-xss-protection":"0","x-frame-options":"SAMEORIGIN","x-content-type-options":"nosniff","alt-svc":"h3-Q050=\":443\"; ma=2592000,h3-29=\":443\"; ma=2592000,h3-T051=\":443\"; ma=2592000,h3-T050=\":443\"; ma=2592000,h3-Q046=\":443\"; ma=2592000,h3-Q043=\":443\"; ma=2592000,quic=\":443\"; ma=2592000; v=\"46,43\"","accept-ranges":"none","transfer-encoding":"chunked"}
[debug] [2020-10-24T21:33:32.944Z] >>> HTTP REQUEST GET https://firestore.googleapis.com/v1/projects/gutiproduction-5a606/databases/(default)/collectionGroups/-/fields?filter=indexConfig.usesAncestorConfig=false  
 
[debug] [2020-10-24T21:33:33.075Z] <<< HTTP RESPONSE 200 {"content-type":"application/json; charset=UTF-8","vary":"X-Origin, Referer, Origin,Accept-Encoding","date":"Sat, 24 Oct 2020 21:33:33 GMT","server":"ESF","cache-control":"private","x-xss-protection":"0","x-frame-options":"SAMEORIGIN","x-content-type-options":"nosniff","alt-svc":"h3-Q050=\":443\"; ma=2592000,h3-29=\":443\"; ma=2592000,h3-T051=\":443\"; ma=2592000,h3-T050=\":443\"; ma=2592000,h3-Q046=\":443\"; ma=2592000,h3-Q043=\":443\"; ma=2592000,quic=\":443\"; ma=2592000; v=\"46,43\"","accept-ranges":"none","transfer-encoding":"chunked"}
[info] i  firestore: latest version of firestore.rules already up to date, skipping upload... 
[debug] [2020-10-24T21:33:33.578Z] <<< HTTP RESPONSE 200 {"content-type":"application/json; charset=UTF-8","vary":"X-Origin, Referer, Origin,Accept-Encoding","date":"Sat, 24 Oct 2020 21:33:33 GMT","server":"ESF","cache-control":"private","x-xss-protection":"0","x-frame-options":"SAMEORIGIN","x-content-type-options":"nosniff","alt-svc":"h3-Q050=\":443\"; ma=2592000,h3-29=\":443\"; ma=2592000,h3-T051=\":443\"; ma=2592000,h3-T050=\":443\"; ma=2592000,h3-Q046=\":443\"; ma=2592000,h3-Q043=\":443\"; ma=2592000,quic=\":443\"; ma=2592000; v=\"46,43\"","accept-ranges":"none","transfer-encoding":"chunked"}
[info] ✔  firestore: deployed indexes in firestore.indexes.json successfully 
[info] i  functions: preparing functions directory for uploading... 
[debug] [2020-10-24T21:33:33.579Z] >>> HTTP REQUEST GET https://runtimeconfig.googleapis.com/v1beta1/projects/gutiproduction-5a606/configs  
 
[debug] [2020-10-24T21:33:33.812Z] <<< HTTP RESPONSE 200 {"content-type":"application/json; charset=UTF-8","vary":"X-Origin, Referer, Origin,Accept-Encoding","date":"Sat, 24 Oct 2020 21:33:33 GMT","server":"ESF","cache-control":"private","x-xss-protection":"0","x-frame-options":"SAMEORIGIN","x-content-type-options":"nosniff","alt-svc":"h3-Q050=\":443\"; ma=2592000,h3-29=\":443\"; ma=2592000,h3-T051=\":443\"; ma=2592000,h3-T050=\":443\"; ma=2592000,h3-Q046=\":443\"; ma=2592000,h3-Q043=\":443\"; ma=2592000,quic=\":443\"; ma=2592000; v=\"46,43\"","accept-ranges":"none","transfer-encoding":"chunked"}
[info] i  functions: packaged functions (50.76 KB) for uploading 
[debug] [2020-10-24T21:33:34.534Z] >>> HTTP REQUEST GET https://cloudfunctions.googleapis.com/v1/projects/gutiproduction-5a606/locations/-/functions  
 
[debug] [2020-10-24T21:33:35.319Z] <<< HTTP RESPONSE 200 {"content-type":"application/json; charset=UTF-8","vary":"X-Origin, Referer, Origin,Accept-Encoding","date":"Sat, 24 Oct 2020 21:33:35 GMT","server":"ESF","cache-control":"private","x-xss-protection":"0","x-frame-options":"SAMEORIGIN","x-content-type-options":"nosniff","alt-svc":"h3-Q050=\":443\"; ma=2592000,h3-29=\":443\"; ma=2592000,h3-T051=\":443\"; ma=2592000,h3-T050=\":443\"; ma=2592000,h3-Q046=\":443\"; ma=2592000,h3-Q043=\":443\"; ma=2592000,quic=\":443\"; ma=2592000; v=\"46,43\"","accept-ranges":"none","transfer-encoding":"chunked"}
[debug] [2020-10-24T21:33:35.321Z] >>> HTTP REQUEST POST https://cloudfunctions.googleapis.com/v1/projects/gutiproduction-5a606/locations/us-central1/functions:generateUploadUrl  
 
[debug] [2020-10-24T21:33:36.446Z] <<< HTTP RESPONSE 200 {"content-type":"application/json; charset=UTF-8","vary":"X-Origin, Referer, Origin,Accept-Encoding","date":"Sat, 24 Oct 2020 21:33:36 GMT","server":"ESF","cache-control":"private","x-xss-protection":"0","x-frame-options":"SAMEORIGIN","x-content-type-options":"nosniff","alt-svc":"h3-Q050=\":443\"; ma=2592000,h3-29=\":443\"; ma=2592000,h3-T051=\":443\"; ma=2592000,h3-T050=\":443\"; ma=2592000,h3-Q046=\":443\"; ma=2592000,h3-Q043=\":443\"; ma=2592000,quic=\":443\"; ma=2592000; v=\"46,43\"","accept-ranges":"none","transfer-encoding":"chunked"}
[debug] [2020-10-24T21:33:36.446Z] >>> HTTP REQUEST PUT https://storage.googleapis.com/gcf-upload-us-central1-21a1dc42-b8bd-4add-8a1b-af55a023cb62/fe3b90d0-5486-419c-b189-095d0bdbf811.zip?GoogleAccessId=service-153376809340@gcf-admin-robot.iam.gserviceaccount.com&Expires=1603577016&Signature=SSUOWl7Jbna%2ByO3DUVaLpe0CeLogWmDZGrpF3p8%2F0sIL%2BgjA9ZawmJbswERgwSnTNLGST65PwhgV7ScTZLp2%2BMISWmF4kHBp09WvucR8ZtOeZ0hL3p4wogKnV8hjj2IP8j2vacHhq9rdCZyQJg4ugOntFAFM1fVUV9uRZNSQlT5bLM%2BeUZ9ny%2F36aYzHJwUP%2B4dYYMmwlIeEKkfLZKOAlmI%2Bj%2BxHWqFc%2F%2Fzaj37csqW67d3dDifBGAH5BErcEny5tFr3lXAJI%2Fkswktb1DSolfwdVZg8rWzo%2FUD8BhnHJKtT9KfJmQ82okxqImc0zek%2FY1o0AsS4GGK3l4pQo09QXg%3D%3D  
 <request body omitted>
[debug] [2020-10-24T21:33:36.752Z] <<< HTTP RESPONSE 200 {"x-guploader-uploadid":"ABg5-UxXjsngXkdj_YETIu0UhDjsvWeqfPwUx06Vyi90oVJQMGPi8LiQKb7zmMmZ2pKOHNbbNZm6NtJhwJGQaIRo1hQ","etag":"\"b90e017ebb1ecb311dcc9eba9864cf4b\"","x-goog-generation":"1603575216687301","x-goog-metageneration":"1","x-goog-hash":"crc32c=8wTZ0A==, md5=uQ4BfrseyzEdzJ66mGTPSw==","x-goog-stored-content-length":"51975","x-goog-stored-content-encoding":"identity","vary":"Origin","content-length":"0","date":"Sat, 24 Oct 2020 21:33:36 GMT","server":"UploadServer","content-type":"text/html; charset=UTF-8","alt-svc":"h3-Q050=\":443\"; ma=2592000,h3-29=\":443\"; ma=2592000,h3-T051=\":443\"; ma=2592000,h3-T050=\":443\"; ma=2592000,h3-Q046=\":443\"; ma=2592000,h3-Q043=\":443\"; ma=2592000,quic=\":443\"; ma=2592000; v=\"46,43\""}
[info] ✔  functions: functions folder uploaded successfully 
[info] i  hosting[admin-d56c9]: beginning deploy... 
[info] i  hosting[admin-d56c9]: found 8 files in ./admin/dist 
[debug] [2020-10-24T21:33:36.771Z] [hosting] hash cache [YWRtaW4vZGlzdA] stored for 8 files
[debug] [2020-10-24T21:33:36.771Z] [hosting][hash queue][FINAL] {"max":1,"min":0,"avg":0,"active":0,"complete":8,"success":8,"errored":0,"retried":0,"total":8,"elapsed":4}
[debug] [2020-10-24T21:33:36.772Z] >>> HTTP REQUEST POST https://firebasehosting.googleapis.com/v1beta1/sites/admin-d56c9/versions/6b0b8a1c2234cd54:populateFiles  
 <request body omitted>
[debug] [2020-10-24T21:33:37.367Z] <<< HTTP RESPONSE 200 {"content-type":"application/json; charset=UTF-8","vary":"X-Origin, Referer, Origin,Accept-Encoding","date":"Sat, 24 Oct 2020 21:33:37 GMT","server":"ESF","cache-control":"private","x-xss-protection":"0","x-frame-options":"SAMEORIGIN","x-content-type-options":"nosniff","alt-svc":"h3-Q050=\":443\"; ma=2592000,h3-29=\":443\"; ma=2592000,h3-T051=\":443\"; ma=2592000,h3-T050=\":443\"; ma=2592000,h3-Q046=\":443\"; ma=2592000,h3-Q043=\":443\"; ma=2592000,quic=\":443\"; ma=2592000; v=\"46,43\"","accept-ranges":"none","transfer-encoding":"chunked"}
[debug] [2020-10-24T21:33:37.368Z] [hosting][populate queue][FINAL] {"max":598,"min":598,"avg":598,"active":0,"complete":1,"success":1,"errored":0,"retried":0,"total":1,"elapsed":599}
[debug] [2020-10-24T21:33:37.368Z] [hosting] uploads queued: 0
[debug] [2020-10-24T21:33:37.368Z] [hosting][upload queue][FINAL] {"max":0,"min":9999999999,"avg":0,"active":0,"complete":0,"success":0,"errored":0,"retried":0,"total":0,"elapsed":1603575217368}
[info] ✔  hosting[admin-d56c9]: file upload complete 
[debug] [2020-10-24T21:33:37.368Z] [hosting] deploy completed after 615ms
[info] i  hosting[gutiproduction-5a606]: beginning deploy... 
[info] i  hosting[gutiproduction-5a606]: found 16 files in ./gfilms-ui/dist 
[debug] [2020-10-24T21:33:37.526Z] [hosting] hash cache [Z2ZpbG1zLXVpL2Rpc3Q] stored for 16 files
[debug] [2020-10-24T21:33:37.526Z] [hosting][hash queue][FINAL] {"max":2,"min":0,"avg":0,"active":0,"complete":16,"success":16,"errored":0,"retried":0,"total":16,"elapsed":3}
[debug] [2020-10-24T21:33:37.526Z] >>> HTTP REQUEST POST https://firebasehosting.googleapis.com/v1beta1/sites/gutiproduction-5a606/versions/5273e157383422c2:populateFiles  
 <request body omitted>
[debug] [2020-10-24T21:33:38.185Z] <<< HTTP RESPONSE 200 {"content-type":"application/json; charset=UTF-8","vary":"X-Origin, Referer, Origin,Accept-Encoding","date":"Sat, 24 Oct 2020 21:33:38 GMT","server":"ESF","cache-control":"private","x-xss-protection":"0","x-frame-options":"SAMEORIGIN","x-content-type-options":"nosniff","alt-svc":"h3-Q050=\":443\"; ma=2592000,h3-29=\":443\"; ma=2592000,h3-T051=\":443\"; ma=2592000,h3-T050=\":443\"; ma=2592000,h3-Q046=\":443\"; ma=2592000,h3-Q043=\":443\"; ma=2592000,quic=\":443\"; ma=2592000; v=\"46,43\"","accept-ranges":"none","transfer-encoding":"chunked"}
[debug] [2020-10-24T21:33:38.186Z] [hosting][populate queue][FINAL] {"max":661,"min":661,"avg":661,"active":0,"complete":1,"success":1,"errored":0,"retried":0,"total":1,"elapsed":661}
[debug] [2020-10-24T21:33:38.186Z] [hosting] uploads queued: 0
[debug] [2020-10-24T21:33:38.186Z] [hosting][upload queue][FINAL] {"max":0,"min":9999999999,"avg":0,"active":0,"complete":0,"success":0,"errored":0,"retried":0,"total":0,"elapsed":1603575218186}
[info] ✔  hosting[gutiproduction-5a606]: file upload complete 
[debug] [2020-10-24T21:33:38.186Z] [hosting] deploy completed after 678ms
[debug] [2020-10-24T21:33:38.300Z] [rules] releasing cloud.firestore with ruleset projects/gutiproduction-5a606/rulesets/680d3c14-d3f2-4413-900a-04c7b08e509b
[debug] [2020-10-24T21:33:38.301Z] >>> HTTP REQUEST PATCH https://firebaserules.googleapis.com/v1/projects/gutiproduction-5a606/releases/cloud.firestore  
 {"release":{"name":"projects/gutiproduction-5a606/releases/cloud.firestore","rulesetName":"projects/gutiproduction-5a606/rulesets/680d3c14-d3f2-4413-900a-04c7b08e509b"}}
[debug] [2020-10-24T21:33:38.686Z] <<< HTTP RESPONSE 200 {"content-type":"application/json; charset=UTF-8","vary":"X-Origin, Referer, Origin,Accept-Encoding","date":"Sat, 24 Oct 2020 21:33:38 GMT","server":"ESF","cache-control":"private","x-xss-protection":"0","x-frame-options":"SAMEORIGIN","x-content-type-options":"nosniff","alt-svc":"h3-Q050=\":443\"; ma=2592000,h3-29=\":443\"; ma=2592000,h3-T051=\":443\"; ma=2592000,h3-T050=\":443\"; ma=2592000,h3-Q046=\":443\"; ma=2592000,h3-Q043=\":443\"; ma=2592000,quic=\":443\"; ma=2592000; v=\"46,43\"","accept-ranges":"none","transfer-encoding":"chunked"}
[debug] [2020-10-24T21:33:38.686Z] [rules] updated release projects/gutiproduction-5a606/releases/cloud.firestore
[info] ✔  firestore: released rules firestore.rules to cloud.firestore 
[info] i  functions: updating Node.js 10 function api(us-central1)... 
[debug] [2020-10-24T21:33:38.689Z] Trigger is:  {"httpsTrigger":{}}
[debug] [2020-10-24T21:33:38.690Z] >>> HTTP REQUEST PATCH https://cloudfunctions.googleapis.com/v1/projects/gutiproduction-5a606/locations/us-central1/functions/api {"updateMask":"sourceUploadUrl,name,labels,runtime,environmentVariables,httpsTrigger"} 
 {"sourceUploadUrl":"https://storage.googleapis.com/gcf-upload-us-central1-21a1dc42-b8bd-4add-8a1b-af55a023cb62/fe3b90d0-5486-419c-b189-095d0bdbf811.zip?GoogleAccessId=service-153376809340@gcf-admin-robot.iam.gserviceaccount.com&Expires=1603577016&Signature=SSUOWl7Jbna%2ByO3DUVaLpe0CeLogWmDZGrpF3p8%2F0sIL%2BgjA9ZawmJbswERgwSnTNLGST65PwhgV7ScTZLp2%2BMISWmF4kHBp09WvucR8ZtOeZ0hL3p4wogKnV8hjj2IP8j2vacHhq9rdCZyQJg4ugOntFAFM1fVUV9uRZNSQlT5bLM%2BeUZ9ny%2F36aYzHJwUP%2B4dYYMmwlIeEKkfLZKOAlmI%2Bj%2BxHWqFc%2F%2Fzaj37csqW67d3dDifBGAH5BErcEny5tFr3lXAJI%2Fkswktb1DSolfwdVZg8rWzo%2FUD8BhnHJKtT9KfJmQ82okxqImc0zek%2FY1o0AsS4GGK3l4pQo09QXg%3D%3D","name":"projects/gutiproduction-5a606/locations/us-central1/functions/api","labels":{"deployment-tool":"cli-firebase"},"httpsTrigger":{},"runtime":"nodejs10","environmentVariables":{"FIREBASE_CONFIG":"{\"projectId\":\"gutiproduction-5a606\",\"databaseURL\":\"https://gutiproduction-5a606.firebaseio.com\",\"storageBucket\":\"gutiproduction-5a606.appspot.com\",\"locationId\":\"us-central\"}"}}
[debug] [2020-10-24T21:33:39.440Z] <<< HTTP RESPONSE 200 {"content-type":"application/json; charset=UTF-8","vary":"X-Origin, Referer, Origin,Accept-Encoding","date":"Sat, 24 Oct 2020 21:33:39 GMT","server":"ESF","cache-control":"private","x-xss-protection":"0","x-frame-options":"SAMEORIGIN","x-content-type-options":"nosniff","alt-svc":"h3-Q050=\":443\"; ma=2592000,h3-29=\":443\"; ma=2592000,h3-T051=\":443\"; ma=2592000,h3-T050=\":443\"; ma=2592000,h3-Q046=\":443\"; ma=2592000,h3-Q043=\":443\"; ma=2592000,quic=\":443\"; ma=2592000; v=\"46,43\"","accept-ranges":"none","transfer-encoding":"chunked"}
[debug] [2020-10-24T21:33:39.441Z] >>> HTTP REQUEST GET https://cloudfunctions.googleapis.com/v1/projects/gutiproduction-5a606/locations/-/functions  
 
[debug] [2020-10-24T21:33:40.130Z] <<< HTTP RESPONSE 200 {"content-type":"application/json; charset=UTF-8","vary":"X-Origin, Referer, Origin,Accept-Encoding","date":"Sat, 24 Oct 2020 21:33:39 GMT","server":"ESF","cache-control":"private","x-xss-protection":"0","x-frame-options":"SAMEORIGIN","x-content-type-options":"nosniff","alt-svc":"h3-Q050=\":443\"; ma=2592000,h3-29=\":443\"; ma=2592000,h3-T051=\":443\"; ma=2592000,h3-T050=\":443\"; ma=2592000,h3-Q046=\":443\"; ma=2592000,h3-Q043=\":443\"; ma=2592000,quic=\":443\"; ma=2592000; v=\"46,43\"","accept-ranges":"none","transfer-encoding":"chunked"}
[debug] [2020-10-24T21:33:40.131Z] >>> HTTP REQUEST GET https://cloudfunctions.googleapis.com/v1/operations/Z3V0aXByb2R1Y3Rpb24tNWE2MDYvdXMtY2VudHJhbDEvYXBpLzlFUVRDM0lSU1U0  
 
[debug] [2020-10-24T21:33:40.417Z] <<< HTTP RESPONSE 200 {"content-type":"application/json; charset=UTF-8","vary":"X-Origin, Referer, Origin,Accept-Encoding","date":"Sat, 24 Oct 2020 21:33:40 GMT","server":"ESF","cache-control":"private","x-xss-protection":"0","x-frame-options":"SAMEORIGIN","x-content-type-options":"nosniff","alt-svc":"h3-Q050=\":443\"; ma=2592000,h3-29=\":443\"; ma=2592000,h3-T051=\":443\"; ma=2592000,h3-T050=\":443\"; ma=2592000,h3-Q046=\":443\"; ma=2592000,h3-Q043=\":443\"; ma=2592000,quic=\":443\"; ma=2592000; v=\"46,43\"","accept-ranges":"none","transfer-encoding":"chunked"}
[debug] [2020-10-24T21:33:42.423Z] >>> HTTP REQUEST GET https://cloudfunctions.googleapis.com/v1/operations/Z3V0aXByb2R1Y3Rpb24tNWE2MDYvdXMtY2VudHJhbDEvYXBpLzlFUVRDM0lSU1U0  
 
[debug] [2020-10-24T21:33:42.711Z] <<< HTTP RESPONSE 200 {"content-type":"application/json; charset=UTF-8","vary":"X-Origin, Referer, Origin,Accept-Encoding","date":"Sat, 24 Oct 2020 21:33:42 GMT","server":"ESF","cache-control":"private","x-xss-protection":"0","x-frame-options":"SAMEORIGIN","x-content-type-options":"nosniff","alt-svc":"h3-Q050=\":443\"; ma=2592000,h3-29=\":443\"; ma=2592000,h3-T051=\":443\"; ma=2592000,h3-T050=\":443\"; ma=2592000,h3-Q046=\":443\"; ma=2592000,h3-Q043=\":443\"; ma=2592000,quic=\":443\"; ma=2592000; v=\"46,43\"","accept-ranges":"none","transfer-encoding":"chunked"}
[debug] [2020-10-24T21:33:44.714Z] >>> HTTP REQUEST GET https://cloudfunctions.googleapis.com/v1/operations/Z3V0aXByb2R1Y3Rpb24tNWE2MDYvdXMtY2VudHJhbDEvYXBpLzlFUVRDM0lSU1U0  
 
[debug] [2020-10-24T21:33:45.046Z] <<< HTTP RESPONSE 200 {"content-type":"application/json; charset=UTF-8","vary":"X-Origin, Referer, Origin,Accept-Encoding","date":"Sat, 24 Oct 2020 21:33:44 GMT","server":"ESF","cache-control":"private","x-xss-protection":"0","x-frame-options":"SAMEORIGIN","x-content-type-options":"nosniff","alt-svc":"h3-Q050=\":443\"; ma=2592000,h3-29=\":443\"; ma=2592000,h3-T051=\":443\"; ma=2592000,h3-T050=\":443\"; ma=2592000,h3-Q046=\":443\"; ma=2592000,h3-Q043=\":443\"; ma=2592000,quic=\":443\"; ma=2592000; v=\"46,43\"","accept-ranges":"none","transfer-encoding":"chunked"}
[debug] [2020-10-24T21:33:47.048Z] >>> HTTP REQUEST GET https://cloudfunctions.googleapis.com/v1/operations/Z3V0aXByb2R1Y3Rpb24tNWE2MDYvdXMtY2VudHJhbDEvYXBpLzlFUVRDM0lSU1U0  
 
[debug] [2020-10-24T21:33:47.328Z] <<< HTTP RESPONSE 200 {"content-type":"application/json; charset=UTF-8","vary":"X-Origin, Referer, Origin,Accept-Encoding","date":"Sat, 24 Oct 2020 21:33:47 GMT","server":"ESF","cache-control":"private","x-xss-protection":"0","x-frame-options":"SAMEORIGIN","x-content-type-options":"nosniff","alt-svc":"h3-Q050=\":443\"; ma=2592000,h3-29=\":443\"; ma=2592000,h3-T051=\":443\"; ma=2592000,h3-T050=\":443\"; ma=2592000,h3-Q046=\":443\"; ma=2592000,h3-Q043=\":443\"; ma=2592000,quic=\":443\"; ma=2592000; v=\"46,43\"","accept-ranges":"none","transfer-encoding":"chunked"}
[debug] [2020-10-24T21:33:49.331Z] >>> HTTP REQUEST GET https://cloudfunctions.googleapis.com/v1/operations/Z3V0aXByb2R1Y3Rpb24tNWE2MDYvdXMtY2VudHJhbDEvYXBpLzlFUVRDM0lSU1U0  
 
[debug] [2020-10-24T21:33:49.627Z] <<< HTTP RESPONSE 200 {"content-type":"application/json; charset=UTF-8","vary":"X-Origin, Referer, Origin,Accept-Encoding","date":"Sat, 24 Oct 2020 21:33:49 GMT","server":"ESF","cache-control":"private","x-xss-protection":"0","x-frame-options":"SAMEORIGIN","x-content-type-options":"nosniff","alt-svc":"h3-Q050=\":443\"; ma=2592000,h3-29=\":443\"; ma=2592000,h3-T051=\":443\"; ma=2592000,h3-T050=\":443\"; ma=2592000,h3-Q046=\":443\"; ma=2592000,h3-Q043=\":443\"; ma=2592000,quic=\":443\"; ma=2592000; v=\"46,43\"","accept-ranges":"none","transfer-encoding":"chunked"}
[debug] [2020-10-24T21:33:51.627Z] >>> HTTP REQUEST GET https://cloudfunctions.googleapis.com/v1/operations/Z3V0aXByb2R1Y3Rpb24tNWE2MDYvdXMtY2VudHJhbDEvYXBpLzlFUVRDM0lSU1U0  
 
[debug] [2020-10-24T21:33:51.911Z] <<< HTTP RESPONSE 200 {"content-type":"application/json; charset=UTF-8","vary":"X-Origin, Referer, Origin,Accept-Encoding","date":"Sat, 24 Oct 2020 21:33:51 GMT","server":"ESF","cache-control":"private","x-xss-protection":"0","x-frame-options":"SAMEORIGIN","x-content-type-options":"nosniff","alt-svc":"h3-Q050=\":443\"; ma=2592000,h3-29=\":443\"; ma=2592000,h3-T051=\":443\"; ma=2592000,h3-T050=\":443\"; ma=2592000,h3-Q046=\":443\"; ma=2592000,h3-Q043=\":443\"; ma=2592000,quic=\":443\"; ma=2592000; v=\"46,43\"","accept-ranges":"none","transfer-encoding":"chunked"}
[debug] [2020-10-24T21:33:53.912Z] >>> HTTP REQUEST GET https://cloudfunctions.googleapis.com/v1/operations/Z3V0aXByb2R1Y3Rpb24tNWE2MDYvdXMtY2VudHJhbDEvYXBpLzlFUVRDM0lSU1U0  
 
[debug] [2020-10-24T21:33:54.128Z] <<< HTTP RESPONSE 200 {"content-type":"application/json; charset=UTF-8","vary":"X-Origin, Referer, Origin,Accept-Encoding","date":"Sat, 24 Oct 2020 21:33:54 GMT","server":"ESF","cache-control":"private","x-xss-protection":"0","x-frame-options":"SAMEORIGIN","x-content-type-options":"nosniff","alt-svc":"h3-Q050=\":443\"; ma=2592000,h3-29=\":443\"; ma=2592000,h3-T051=\":443\"; ma=2592000,h3-T050=\":443\"; ma=2592000,h3-Q046=\":443\"; ma=2592000,h3-Q043=\":443\"; ma=2592000,quic=\":443\"; ma=2592000; v=\"46,43\"","accept-ranges":"none","transfer-encoding":"chunked"}
[debug] [2020-10-24T21:33:56.129Z] >>> HTTP REQUEST GET https://cloudfunctions.googleapis.com/v1/operations/Z3V0aXByb2R1Y3Rpb24tNWE2MDYvdXMtY2VudHJhbDEvYXBpLzlFUVRDM0lSU1U0  
 
[debug] [2020-10-24T21:33:56.355Z] <<< HTTP RESPONSE 200 {"content-type":"application/json; charset=UTF-8","vary":"X-Origin, Referer, Origin,Accept-Encoding","date":"Sat, 24 Oct 2020 21:33:56 GMT","server":"ESF","cache-control":"private","x-xss-protection":"0","x-frame-options":"SAMEORIGIN","x-content-type-options":"nosniff","alt-svc":"h3-Q050=\":443\"; ma=2592000,h3-29=\":443\"; ma=2592000,h3-T051=\":443\"; ma=2592000,h3-T050=\":443\"; ma=2592000,h3-Q046=\":443\"; ma=2592000,h3-Q043=\":443\"; ma=2592000,quic=\":443\"; ma=2592000; v=\"46,43\"","accept-ranges":"none","transfer-encoding":"chunked"}
[debug] [2020-10-24T21:33:58.355Z] >>> HTTP REQUEST GET https://cloudfunctions.googleapis.com/v1/operations/Z3V0aXByb2R1Y3Rpb24tNWE2MDYvdXMtY2VudHJhbDEvYXBpLzlFUVRDM0lSU1U0  
 
[debug] [2020-10-24T21:33:58.582Z] <<< HTTP RESPONSE 200 {"content-type":"application/json; charset=UTF-8","vary":"X-Origin, Referer, Origin,Accept-Encoding","date":"Sat, 24 Oct 2020 21:33:58 GMT","server":"ESF","cache-control":"private","x-xss-protection":"0","x-frame-options":"SAMEORIGIN","x-content-type-options":"nosniff","alt-svc":"h3-Q050=\":443\"; ma=2592000,h3-29=\":443\"; ma=2592000,h3-T051=\":443\"; ma=2592000,h3-T050=\":443\"; ma=2592000,h3-Q046=\":443\"; ma=2592000,h3-Q043=\":443\"; ma=2592000,quic=\":443\"; ma=2592000; v=\"46,43\"","accept-ranges":"none","transfer-encoding":"chunked"}
[debug] [2020-10-24T21:34:00.586Z] >>> HTTP REQUEST GET https://cloudfunctions.googleapis.com/v1/operations/Z3V0aXByb2R1Y3Rpb24tNWE2MDYvdXMtY2VudHJhbDEvYXBpLzlFUVRDM0lSU1U0  
 
[debug] [2020-10-24T21:34:00.812Z] <<< HTTP RESPONSE 200 {"content-type":"application/json; charset=UTF-8","vary":"X-Origin, Referer, Origin,Accept-Encoding","date":"Sat, 24 Oct 2020 21:34:00 GMT","server":"ESF","cache-control":"private","x-xss-protection":"0","x-frame-options":"SAMEORIGIN","x-content-type-options":"nosniff","alt-svc":"h3-Q050=\":443\"; ma=2592000,h3-29=\":443\"; ma=2592000,h3-T051=\":443\"; ma=2592000,h3-T050=\":443\"; ma=2592000,h3-Q046=\":443\"; ma=2592000,h3-Q043=\":443\"; ma=2592000,quic=\":443\"; ma=2592000; v=\"46,43\"","accept-ranges":"none","transfer-encoding":"chunked"}
[debug] [2020-10-24T21:34:02.818Z] >>> HTTP REQUEST GET https://cloudfunctions.googleapis.com/v1/operations/Z3V0aXByb2R1Y3Rpb24tNWE2MDYvdXMtY2VudHJhbDEvYXBpLzlFUVRDM0lSU1U0  
 
[debug] [2020-10-24T21:34:03.058Z] <<< HTTP RESPONSE 200 {"content-type":"application/json; charset=UTF-8","vary":"X-Origin, Referer, Origin,Accept-Encoding","date":"Sat, 24 Oct 2020 21:34:03 GMT","server":"ESF","cache-control":"private","x-xss-protection":"0","x-frame-options":"SAMEORIGIN","x-content-type-options":"nosniff","alt-svc":"h3-Q050=\":443\"; ma=2592000,h3-29=\":443\"; ma=2592000,h3-T051=\":443\"; ma=2592000,h3-T050=\":443\"; ma=2592000,h3-Q046=\":443\"; ma=2592000,h3-Q043=\":443\"; ma=2592000,quic=\":443\"; ma=2592000; v=\"46,43\"","accept-ranges":"none","transfer-encoding":"chunked"}
[debug] [2020-10-24T21:34:05.063Z] >>> HTTP REQUEST GET https://cloudfunctions.googleapis.com/v1/operations/Z3V0aXByb2R1Y3Rpb24tNWE2MDYvdXMtY2VudHJhbDEvYXBpLzlFUVRDM0lSU1U0  
 
[debug] [2020-10-24T21:34:05.296Z] <<< HTTP RESPONSE 200 {"content-type":"application/json; charset=UTF-8","vary":"X-Origin, Referer, Origin,Accept-Encoding","date":"Sat, 24 Oct 2020 21:34:05 GMT","server":"ESF","cache-control":"private","x-xss-protection":"0","x-frame-options":"SAMEORIGIN","x-content-type-options":"nosniff","alt-svc":"h3-Q050=\":443\"; ma=2592000,h3-29=\":443\"; ma=2592000,h3-T051=\":443\"; ma=2592000,h3-T050=\":443\"; ma=2592000,h3-Q046=\":443\"; ma=2592000,h3-Q043=\":443\"; ma=2592000,quic=\":443\"; ma=2592000; v=\"46,43\"","accept-ranges":"none","transfer-encoding":"chunked"}
[debug] [2020-10-24T21:34:07.299Z] >>> HTTP REQUEST GET https://cloudfunctions.googleapis.com/v1/operations/Z3V0aXByb2R1Y3Rpb24tNWE2MDYvdXMtY2VudHJhbDEvYXBpLzlFUVRDM0lSU1U0  
 
[debug] [2020-10-24T21:34:07.519Z] <<< HTTP RESPONSE 200 {"content-type":"application/json; charset=UTF-8","vary":"X-Origin, Referer, Origin,Accept-Encoding","date":"Sat, 24 Oct 2020 21:34:07 GMT","server":"ESF","cache-control":"private","x-xss-protection":"0","x-frame-options":"SAMEORIGIN","x-content-type-options":"nosniff","alt-svc":"h3-Q050=\":443\"; ma=2592000,h3-29=\":443\"; ma=2592000,h3-T051=\":443\"; ma=2592000,h3-T050=\":443\"; ma=2592000,h3-Q046=\":443\"; ma=2592000,h3-Q043=\":443\"; ma=2592000,quic=\":443\"; ma=2592000; v=\"46,43\"","accept-ranges":"none","transfer-encoding":"chunked"}
[debug] [2020-10-24T21:34:09.520Z] >>> HTTP REQUEST GET https://cloudfunctions.googleapis.com/v1/operations/Z3V0aXByb2R1Y3Rpb24tNWE2MDYvdXMtY2VudHJhbDEvYXBpLzlFUVRDM0lSU1U0  
 
[debug] [2020-10-24T21:34:09.772Z] <<< HTTP RESPONSE 200 {"content-type":"application/json; charset=UTF-8","vary":"X-Origin, Referer, Origin,Accept-Encoding","date":"Sat, 24 Oct 2020 21:34:09 GMT","server":"ESF","cache-control":"private","x-xss-protection":"0","x-frame-options":"SAMEORIGIN","x-content-type-options":"nosniff","alt-svc":"h3-Q050=\":443\"; ma=2592000,h3-29=\":443\"; ma=2592000,h3-T051=\":443\"; ma=2592000,h3-T050=\":443\"; ma=2592000,h3-Q046=\":443\"; ma=2592000,h3-Q043=\":443\"; ma=2592000,quic=\":443\"; ma=2592000; v=\"46,43\"","accept-ranges":"none","transfer-encoding":"chunked"}
[debug] [2020-10-24T21:34:11.773Z] >>> HTTP REQUEST GET https://cloudfunctions.googleapis.com/v1/operations/Z3V0aXByb2R1Y3Rpb24tNWE2MDYvdXMtY2VudHJhbDEvYXBpLzlFUVRDM0lSU1U0  
 
[debug] [2020-10-24T21:34:12.009Z] <<< HTTP RESPONSE 200 {"content-type":"application/json; charset=UTF-8","vary":"X-Origin, Referer, Origin,Accept-Encoding","date":"Sat, 24 Oct 2020 21:34:11 GMT","server":"ESF","cache-control":"private","x-xss-protection":"0","x-frame-options":"SAMEORIGIN","x-content-type-options":"nosniff","alt-svc":"h3-Q050=\":443\"; ma=2592000,h3-29=\":443\"; ma=2592000,h3-T051=\":443\"; ma=2592000,h3-T050=\":443\"; ma=2592000,h3-Q046=\":443\"; ma=2592000,h3-Q043=\":443\"; ma=2592000,quic=\":443\"; ma=2592000; v=\"46,43\"","accept-ranges":"none","transfer-encoding":"chunked"}
[debug] [2020-10-24T21:34:14.010Z] >>> HTTP REQUEST GET https://cloudfunctions.googleapis.com/v1/operations/Z3V0aXByb2R1Y3Rpb24tNWE2MDYvdXMtY2VudHJhbDEvYXBpLzlFUVRDM0lSU1U0  
 
[debug] [2020-10-24T21:34:14.236Z] <<< HTTP RESPONSE 200 {"content-type":"application/json; charset=UTF-8","vary":"X-Origin, Referer, Origin,Accept-Encoding","date":"Sat, 24 Oct 2020 21:34:14 GMT","server":"ESF","cache-control":"private","x-xss-protection":"0","x-frame-options":"SAMEORIGIN","x-content-type-options":"nosniff","alt-svc":"h3-Q050=\":443\"; ma=2592000,h3-29=\":443\"; ma=2592000,h3-T051=\":443\"; ma=2592000,h3-T050=\":443\"; ma=2592000,h3-Q046=\":443\"; ma=2592000,h3-Q043=\":443\"; ma=2592000,quic=\":443\"; ma=2592000; v=\"46,43\"","accept-ranges":"none","transfer-encoding":"chunked"}
[debug] [2020-10-24T21:34:16.242Z] >>> HTTP REQUEST GET https://cloudfunctions.googleapis.com/v1/operations/Z3V0aXByb2R1Y3Rpb24tNWE2MDYvdXMtY2VudHJhbDEvYXBpLzlFUVRDM0lSU1U0  
 
[debug] [2020-10-24T21:34:16.463Z] <<< HTTP RESPONSE 200 {"content-type":"application/json; charset=UTF-8","vary":"X-Origin, Referer, Origin,Accept-Encoding","date":"Sat, 24 Oct 2020 21:34:16 GMT","server":"ESF","cache-control":"private","x-xss-protection":"0","x-frame-options":"SAMEORIGIN","x-content-type-options":"nosniff","alt-svc":"h3-Q050=\":443\"; ma=2592000,h3-29=\":443\"; ma=2592000,h3-T051=\":443\"; ma=2592000,h3-T050=\":443\"; ma=2592000,h3-Q046=\":443\"; ma=2592000,h3-Q043=\":443\"; ma=2592000,quic=\":443\"; ma=2592000; v=\"46,43\"","accept-ranges":"none","transfer-encoding":"chunked"}
[debug] [2020-10-24T21:34:18.467Z] >>> HTTP REQUEST GET https://cloudfunctions.googleapis.com/v1/operations/Z3V0aXByb2R1Y3Rpb24tNWE2MDYvdXMtY2VudHJhbDEvYXBpLzlFUVRDM0lSU1U0  
 
[debug] [2020-10-24T21:34:18.699Z] <<< HTTP RESPONSE 200 {"content-type":"application/json; charset=UTF-8","vary":"X-Origin, Referer, Origin,Accept-Encoding","date":"Sat, 24 Oct 2020 21:34:18 GMT","server":"ESF","cache-control":"private","x-xss-protection":"0","x-frame-options":"SAMEORIGIN","x-content-type-options":"nosniff","alt-svc":"h3-Q050=\":443\"; ma=2592000,h3-29=\":443\"; ma=2592000,h3-T051=\":443\"; ma=2592000,h3-T050=\":443\"; ma=2592000,h3-Q046=\":443\"; ma=2592000,h3-Q043=\":443\"; ma=2592000,quic=\":443\"; ma=2592000; v=\"46,43\"","accept-ranges":"none","transfer-encoding":"chunked"}
[debug] [2020-10-24T21:34:20.704Z] >>> HTTP REQUEST GET https://cloudfunctions.googleapis.com/v1/operations/Z3V0aXByb2R1Y3Rpb24tNWE2MDYvdXMtY2VudHJhbDEvYXBpLzlFUVRDM0lSU1U0  
 
[debug] [2020-10-24T21:34:20.925Z] <<< HTTP RESPONSE 200 {"content-type":"application/json; charset=UTF-8","vary":"X-Origin, Referer, Origin,Accept-Encoding","date":"Sat, 24 Oct 2020 21:34:20 GMT","server":"ESF","cache-control":"private","x-xss-protection":"0","x-frame-options":"SAMEORIGIN","x-content-type-options":"nosniff","alt-svc":"h3-Q050=\":443\"; ma=2592000,h3-29=\":443\"; ma=2592000,h3-T051=\":443\"; ma=2592000,h3-T050=\":443\"; ma=2592000,h3-Q046=\":443\"; ma=2592000,h3-Q043=\":443\"; ma=2592000,quic=\":443\"; ma=2592000; v=\"46,43\"","accept-ranges":"none","transfer-encoding":"chunked"}
[debug] [2020-10-24T21:34:22.928Z] >>> HTTP REQUEST GET https://cloudfunctions.googleapis.com/v1/operations/Z3V0aXByb2R1Y3Rpb24tNWE2MDYvdXMtY2VudHJhbDEvYXBpLzlFUVRDM0lSU1U0  
 
[debug] [2020-10-24T21:34:23.161Z] <<< HTTP RESPONSE 200 {"content-type":"application/json; charset=UTF-8","vary":"X-Origin, Referer, Origin,Accept-Encoding","date":"Sat, 24 Oct 2020 21:34:23 GMT","server":"ESF","cache-control":"private","x-xss-protection":"0","x-frame-options":"SAMEORIGIN","x-content-type-options":"nosniff","alt-svc":"h3-Q050=\":443\"; ma=2592000,h3-29=\":443\"; ma=2592000,h3-T051=\":443\"; ma=2592000,h3-T050=\":443\"; ma=2592000,h3-Q046=\":443\"; ma=2592000,h3-Q043=\":443\"; ma=2592000,quic=\":443\"; ma=2592000; v=\"46,43\"","accept-ranges":"none","transfer-encoding":"chunked"}
[debug] [2020-10-24T21:34:25.163Z] >>> HTTP REQUEST GET https://cloudfunctions.googleapis.com/v1/operations/Z3V0aXByb2R1Y3Rpb24tNWE2MDYvdXMtY2VudHJhbDEvYXBpLzlFUVRDM0lSU1U0  
 
[debug] [2020-10-24T21:34:25.376Z] <<< HTTP RESPONSE 200 {"content-type":"application/json; charset=UTF-8","vary":"X-Origin, Referer, Origin,Accept-Encoding","date":"Sat, 24 Oct 2020 21:34:25 GMT","server":"ESF","cache-control":"private","x-xss-protection":"0","x-frame-options":"SAMEORIGIN","x-content-type-options":"nosniff","alt-svc":"h3-Q050=\":443\"; ma=2592000,h3-29=\":443\"; ma=2592000,h3-T051=\":443\"; ma=2592000,h3-T050=\":443\"; ma=2592000,h3-Q046=\":443\"; ma=2592000,h3-Q043=\":443\"; ma=2592000,quic=\":443\"; ma=2592000; v=\"46,43\"","accept-ranges":"none","transfer-encoding":"chunked"}
[debug] [2020-10-24T21:34:27.381Z] >>> HTTP REQUEST GET https://cloudfunctions.googleapis.com/v1/operations/Z3V0aXByb2R1Y3Rpb24tNWE2MDYvdXMtY2VudHJhbDEvYXBpLzlFUVRDM0lSU1U0  
 
[debug] [2020-10-24T21:34:28.007Z] <<< HTTP RESPONSE 200 {"content-type":"application/json; charset=UTF-8","vary":"X-Origin, Referer, Origin,Accept-Encoding","date":"Sat, 24 Oct 2020 21:34:27 GMT","server":"ESF","cache-control":"private","x-xss-protection":"0","x-frame-options":"SAMEORIGIN","x-content-type-options":"nosniff","alt-svc":"h3-Q050=\":443\"; ma=2592000,h3-29=\":443\"; ma=2592000,h3-T051=\":443\"; ma=2592000,h3-T050=\":443\"; ma=2592000,h3-Q046=\":443\"; ma=2592000,h3-Q043=\":443\"; ma=2592000,quic=\":443\"; ma=2592000; v=\"46,43\"","accept-ranges":"none","transfer-encoding":"chunked"}
[debug] [2020-10-24T21:34:30.007Z] >>> HTTP REQUEST GET https://cloudfunctions.googleapis.com/v1/operations/Z3V0aXByb2R1Y3Rpb24tNWE2MDYvdXMtY2VudHJhbDEvYXBpLzlFUVRDM0lSU1U0  
 
[debug] [2020-10-24T21:34:30.456Z] <<< HTTP RESPONSE 200 {"content-type":"application/json; charset=UTF-8","vary":"X-Origin, Referer, Origin,Accept-Encoding","date":"Sat, 24 Oct 2020 21:34:30 GMT","server":"ESF","cache-control":"private","x-xss-protection":"0","x-frame-options":"SAMEORIGIN","x-content-type-options":"nosniff","alt-svc":"h3-Q050=\":443\"; ma=2592000,h3-29=\":443\"; ma=2592000,h3-T051=\":443\"; ma=2592000,h3-T050=\":443\"; ma=2592000,h3-Q046=\":443\"; ma=2592000,h3-Q043=\":443\"; ma=2592000,quic=\":443\"; ma=2592000; v=\"46,43\"","accept-ranges":"none","transfer-encoding":"chunked"}
[debug] [2020-10-24T21:34:32.457Z] >>> HTTP REQUEST GET https://cloudfunctions.googleapis.com/v1/operations/Z3V0aXByb2R1Y3Rpb24tNWE2MDYvdXMtY2VudHJhbDEvYXBpLzlFUVRDM0lSU1U0  
 
[debug] [2020-10-24T21:34:32.682Z] <<< HTTP RESPONSE 200 {"content-type":"application/json; charset=UTF-8","vary":"X-Origin, Referer, Origin,Accept-Encoding","date":"Sat, 24 Oct 2020 21:34:32 GMT","server":"ESF","cache-control":"private","x-xss-protection":"0","x-frame-options":"SAMEORIGIN","x-content-type-options":"nosniff","alt-svc":"h3-Q050=\":443\"; ma=2592000,h3-29=\":443\"; ma=2592000,h3-T051=\":443\"; ma=2592000,h3-T050=\":443\"; ma=2592000,h3-Q046=\":443\"; ma=2592000,h3-Q043=\":443\"; ma=2592000,quic=\":443\"; ma=2592000; v=\"46,43\"","accept-ranges":"none","transfer-encoding":"chunked"}
[debug] [2020-10-24T21:34:34.685Z] >>> HTTP REQUEST GET https://cloudfunctions.googleapis.com/v1/operations/Z3V0aXByb2R1Y3Rpb24tNWE2MDYvdXMtY2VudHJhbDEvYXBpLzlFUVRDM0lSU1U0  
 
[debug] [2020-10-24T21:34:34.909Z] <<< HTTP RESPONSE 200 {"content-type":"application/json; charset=UTF-8","vary":"X-Origin, Referer, Origin,Accept-Encoding","date":"Sat, 24 Oct 2020 21:34:34 GMT","server":"ESF","cache-control":"private","x-xss-protection":"0","x-frame-options":"SAMEORIGIN","x-content-type-options":"nosniff","alt-svc":"h3-Q050=\":443\"; ma=2592000,h3-29=\":443\"; ma=2592000,h3-T051=\":443\"; ma=2592000,h3-T050=\":443\"; ma=2592000,h3-Q046=\":443\"; ma=2592000,h3-Q043=\":443\"; ma=2592000,quic=\":443\"; ma=2592000; v=\"46,43\"","accept-ranges":"none","transfer-encoding":"chunked"}
[debug] [2020-10-24T21:34:36.910Z] >>> HTTP REQUEST GET https://cloudfunctions.googleapis.com/v1/operations/Z3V0aXByb2R1Y3Rpb24tNWE2MDYvdXMtY2VudHJhbDEvYXBpLzlFUVRDM0lSU1U0  
 
[debug] [2020-10-24T21:34:37.131Z] <<< HTTP RESPONSE 200 {"content-type":"application/json; charset=UTF-8","vary":"X-Origin, Referer, Origin,Accept-Encoding","date":"Sat, 24 Oct 2020 21:34:37 GMT","server":"ESF","cache-control":"private","x-xss-protection":"0","x-frame-options":"SAMEORIGIN","x-content-type-options":"nosniff","alt-svc":"h3-Q050=\":443\"; ma=2592000,h3-29=\":443\"; ma=2592000,h3-T051=\":443\"; ma=2592000,h3-T050=\":443\"; ma=2592000,h3-Q046=\":443\"; ma=2592000,h3-Q043=\":443\"; ma=2592000,quic=\":443\"; ma=2592000; v=\"46,43\"","accept-ranges":"none","transfer-encoding":"chunked"}
[debug] [2020-10-24T21:34:39.132Z] >>> HTTP REQUEST GET https://cloudfunctions.googleapis.com/v1/operations/Z3V0aXByb2R1Y3Rpb24tNWE2MDYvdXMtY2VudHJhbDEvYXBpLzlFUVRDM0lSU1U0  
 
[debug] [2020-10-24T21:34:39.359Z] <<< HTTP RESPONSE 200 {"content-type":"application/json; charset=UTF-8","vary":"X-Origin, Referer, Origin,Accept-Encoding","date":"Sat, 24 Oct 2020 21:34:39 GMT","server":"ESF","cache-control":"private","x-xss-protection":"0","x-frame-options":"SAMEORIGIN","x-content-type-options":"nosniff","alt-svc":"h3-Q050=\":443\"; ma=2592000,h3-29=\":443\"; ma=2592000,h3-T051=\":443\"; ma=2592000,h3-T050=\":443\"; ma=2592000,h3-Q046=\":443\"; ma=2592000,h3-Q043=\":443\"; ma=2592000,quic=\":443\"; ma=2592000; v=\"46,43\"","accept-ranges":"none","transfer-encoding":"chunked"}
[debug] [2020-10-24T21:34:41.365Z] >>> HTTP REQUEST GET https://cloudfunctions.googleapis.com/v1/operations/Z3V0aXByb2R1Y3Rpb24tNWE2MDYvdXMtY2VudHJhbDEvYXBpLzlFUVRDM0lSU1U0  
 
[debug] [2020-10-24T21:34:41.583Z] <<< HTTP RESPONSE 200 {"content-type":"application/json; charset=UTF-8","vary":"X-Origin, Referer, Origin,Accept-Encoding","date":"Sat, 24 Oct 2020 21:34:41 GMT","server":"ESF","cache-control":"private","x-xss-protection":"0","x-frame-options":"SAMEORIGIN","x-content-type-options":"nosniff","alt-svc":"h3-Q050=\":443\"; ma=2592000,h3-29=\":443\"; ma=2592000,h3-T051=\":443\"; ma=2592000,h3-T050=\":443\"; ma=2592000,h3-Q046=\":443\"; ma=2592000,h3-Q043=\":443\"; ma=2592000,quic=\":443\"; ma=2592000; v=\"46,43\"","accept-ranges":"none","transfer-encoding":"chunked"}
